c:\users\breitl3\source\repos\taschenrechner_gui\taschenrechner_gui\x64\debug\vc143.pdb
c:\users\breitl3\source\repos\taschenrechner_gui\taschenrechner_gui\x64\debug\.netframework,version=v4.7.2.assemblyattributes.obj
c:\users\breitl3\source\repos\taschenrechner_gui\taschenrechner_gui\x64\debug\myform1.obj
c:\users\breitl3\source\repos\taschenrechner_gui\taschenrechner_gui\x64\debug\myform.obj
c:\users\breitl3\source\repos\taschenrechner_gui\taschenrechner_gui\x64\debug\taschenr.42f1fa19.tlog\metagen.write.1.tlog
c:\users\breitl3\source\repos\taschenrechner_gui\x64\debug\taschenrechner_gui.exe
c:\users\breitl3\source\repos\taschenrechner_gui\x64\debug\taschenrechner_gui.pdb
c:\users\breitl3\source\repos\taschenrechner_gui\taschenrechner_gui\x64\debug\taschenr.42f1fa19.tlog\cl.command.1.tlog
c:\users\breitl3\source\repos\taschenrechner_gui\taschenrechner_gui\x64\debug\taschenr.42f1fa19.tlog\cl.items.tlog
c:\users\breitl3\source\repos\taschenrechner_gui\taschenrechner_gui\x64\debug\taschenr.42f1fa19.tlog\cl.read.1.tlog
c:\users\breitl3\source\repos\taschenrechner_gui\taschenrechner_gui\x64\debug\taschenr.42f1fa19.tlog\cl.write.1.tlog
c:\users\breitl3\source\repos\taschenrechner_gui\taschenrechner_gui\x64\debug\taschenr.42f1fa19.tlog\link.command.1.tlog
c:\users\breitl3\source\repos\taschenrechner_gui\taschenrechner_gui\x64\debug\taschenr.42f1fa19.tlog\link.read.1.tlog
c:\users\breitl3\source\repos\taschenrechner_gui\taschenrechner_gui\x64\debug\taschenr.42f1fa19.tlog\link.write.1.tlog
c:\users\breitl3\source\repos\taschenrechner_gui\taschenrechner_gui\x64\debug\taschenr.42f1fa19.tlog\metagen.read.1.tlog
c:\users\breitl3\source\repos\taschenrechner_gui\taschenrechner_gui\x64\debug\taschenr.42f1fa19.tlog\resgen.command.1.tlog
c:\users\breitl3\source\repos\taschenrechner_gui\taschenrechner_gui\x64\debug\taschenr.42f1fa19.tlog\resgen.read.1.tlog
c:\users\breitl3\source\repos\taschenrechner_gui\taschenrechner_gui\x64\debug\taschenr.42f1fa19.tlog\resgen.write.1.tlog
c:\users\breitl3\source\repos\taschenrechner_gui\taschenrechner_gui\x64\debug\taschenr.42f1fa19.tlog\axinterop.acropdflib.1.0.dll.metagen
c:\users\breitl3\source\repos\taschenrechner_gui\taschenrechner_gui\x64\debug\taschenr.42f1fa19.tlog\interop.acropdflib.1.0.dll.metagen
